<?xml version="1.0" encoding="UTF-8"?>
<!-- Generated by org.testng.reporters.JUnitReportReporter -->
<testsuite hostname="DESKTOP-Q8TTMMF" failures="0" tests="2" name="Seleniumpriority.Prioritydemo" time="10.240" errors="0" timestamp="2024-11-20T14:03:26 IST" skipped="0">
  <testcase classname="Seleniumpriority.Prioritydemo" name="login" time="6.471"/>
  <testcase classname="Seleniumpriority.Prioritydemo" name="logout" time="3.769"/>
</testsuite> <!-- Seleniumpriority.Prioritydemo -->
